<?xml version="1.0" encoding="UTF-8"?>
<!-- Generated by org.testng.reporters.JUnitReportReporter -->
<testsuite skipped="0" hostname="LAPTOP-6UFG7E0G" name="com.lemon.testcases.LogoutTest" tests="1" failures="0" timestamp="2021-06-19T21:56:34 CST" time="0.003" errors="0">
  <testcase name="logout" time="0.003" classname="com.lemon.testcases.LogoutTest"/>
</testsuite> <!-- com.lemon.testcases.LogoutTest -->
